#
# A fatal error has been detected by the Java Runtime Environment:
#
#  Internal Error (javaClasses.cpp:136), pid=3400, tid=6132
#  fatal error: Invalid layout of preloaded class
#
# JRE version:  (7.0_45-b18) (build )
# Java VM: Java HotSpot(TM) 64-Bit Server VM (24.45-b08 mixed mode windows-amd64 compressed oops)
# Failed to write core dump. Minidumps are not enabled by default on client versions of Windows
#
# If you would like to submit a bug report, please visit:
#   http://bugreport.sun.com/bugreport/crash.jsp
#

---------------  T H R E A D  ---------------

Current thread (0x0000000001fdd800):  JavaThread "Unknown thread" [_thread_in_vm, id=6132, stack(0x0000000002000000,0x0000000002100000)]

Stack: [0x0000000002000000,0x0000000002100000]

---------------  P R O C E S S  ---------------

Java Threads: ( => current thread )

Other Threads:

=>0x0000000001fdd800 (exited) JavaThread "Unknown thread" [_thread_in_vm, id=6132, stack(0x0000000002000000,0x0000000002100000)]

VM state:not at safepoint (not fully initialized)

VM Mutex/Monitor currently owned by a thread: None

GC Heap History (0 events):
No events

Deoptimization events (0 events):
No events

Internal exceptions (0 events):
No events

Events (10 events):
Event: 0.070 loading class 0x0000000009a40760 done
Event: 0.071 loading class 0x0000000009a40180 done
Event: 0.071 loading class 0x0000000009a40160
Event: 0.071 loading class 0x0000000009a48260
Event: 0.071 loading class 0x0000000009a48260 done
Event: 0.071 loading class 0x0000000009a48290
Event: 0.071 loading class 0x0000000009a48290 done
Event: 0.071 loading class 0x0000000009a482c0
Event: 0.071 loading class 0x0000000009a482c0 done
Event: 0.071 loading class 0x0000000009a40160 done


Dynamic libraries:
0x000000013f280000 - 0x000000013f2b3000 	C:\Program Files\Java\jre7\bin\javaw.exe
0x0000000077c60000 - 0x0000000077e09000 	C:\Windows\SYSTEM32\ntdll.dll
0x0000000074610000 - 0x000000007465e000 	C:\Program Files\AVAST Software\Avast\snxhk64.dll
0x0000000077b40000 - 0x0000000077c5f000 	C:\Windows\system32\KERNEL32.dll
0x000007fefdd50000 - 0x000007fefddbb000 	C:\Windows\system32\KERNELBASE.dll
0x000007fefde70000 - 0x000007fefdf4b000 	C:\Windows\system32\ADVAPI32.dll
0x000007feffa80000 - 0x000007feffb1f000 	C:\Windows\system32\msvcrt.dll
0x000007fefece0000 - 0x000007fefecff000 	C:\Windows\SYSTEM32\sechost.dll
0x000007feffe20000 - 0x000007fefff4d000 	C:\Windows\system32\RPCRT4.dll
0x0000000077a40000 - 0x0000000077b3a000 	C:\Windows\system32\USER32.dll
0x000007feff960000 - 0x000007feff9c7000 	C:\Windows\system32\GDI32.dll
0x000007feff7f0000 - 0x000007feff7fe000 	C:\Windows\system32\LPK.dll
0x000007feff3c0000 - 0x000007feff489000 	C:\Windows\system32\USP10.dll
0x000007fefc4c0000 - 0x000007fefc6b4000 	C:\Windows\WinSxS\amd64_microsoft.windows.common-controls_6595b64144ccf1df_6.0.7601.17514_none_fa396087175ac9ac\COMCTL32.dll
0x000007fefed00000 - 0x000007fefed71000 	C:\Windows\system32\SHLWAPI.dll
0x000007feff490000 - 0x000007feff4be000 	C:\Windows\system32\IMM32.DLL
0x000007fefed80000 - 0x000007fefee89000 	C:\Windows\system32\MSCTF.dll
0x00000000747d0000 - 0x00000000748a2000 	C:\Program Files\Java\jre7\bin\msvcr100.dll
0x000000006d5c0000 - 0x000000006dd89000 	C:\Program Files\Java\jre7\bin\server\jvm.dll
0x000007fef71a0000 - 0x000007fef71a9000 	C:\Windows\system32\WSOCK32.dll
0x000007feff9d0000 - 0x000007feffa1d000 	C:\Windows\system32\WS2_32.dll
0x000007fefef70000 - 0x000007fefef78000 	C:\Windows\system32\NSI.dll
0x000007fefc1b0000 - 0x000007fefc1eb000 	C:\Windows\system32\WINMM.dll
0x0000000077e20000 - 0x0000000077e27000 	C:\Windows\system32\PSAPI.DLL
0x0000000075490000 - 0x000000007549f000 	C:\Program Files\Java\jre7\bin\verify.dll
0x0000000075460000 - 0x0000000075488000 	C:\Program Files\Java\jre7\bin\java.dll
0x0000000075430000 - 0x0000000075445000 	C:\Program Files\Java\jre7\bin\zip.dll

VM Arguments:
jvm_args: -Dfile.encoding=Cp1252 -Xbootclasspath:C:\Android\platforms\android-16\android.jar 
java_command: com.example.krowdkontrol.OSC
Launcher Type: SUN_STANDARD

Environment Variables:
PATH=C:\Windows\system32;C:\Windows;C:\Windows\System32\Wbem;C:\Windows\System32\WindowsPowerShell\v1.0\
USERNAME=Liepa
OS=Windows_NT
PROCESSOR_IDENTIFIER=Intel64 Family 6 Model 30 Stepping 5, GenuineIntel



---------------  S Y S T E M  ---------------

OS: Windows 7 , 64 bit Build 7601 Service Pack 1

CPU:total 8 (4 cores per cpu, 2 threads per core) family 6 model 30 stepping 5, cmov, cx8, fxsr, mmx, sse, sse2, sse3, ssse3, sse4.1, sse4.2, popcnt, ht, tsc, tscinvbit

Memory: 4k page, physical 6279680k(1927372k free), swap 12557496k(6835380k free)

vm_info: Java HotSpot(TM) 64-Bit Server VM (24.45-b08) for windows-amd64 JRE (1.7.0_45-b18), built on Oct  8 2013 05:47:22 by "java_re" with unknown MS VC++:1600

time: Mon Oct 28 21:47:28 2013
elapsed time: 0 seconds

